2001:418:1401:4::/64
2001:418:1401:7::/64
2001:418:1401:18::/64
2001:418:1401:21::/64
2001:418:1401:25::/64
2001:418:1401:6a::/64
2001:418:1401:71::/64
2001:418:1401:7d::/64
2001:418:4001:2::/64
2001:418:4001:4::/64
2001:550:2:38::28:2/128
2001:550:2:6f::f3:2/128
2001:550:2:dc::5e:2/128
2001:590:2005:200::/56
2001:67c:4e8::/48
2001:b28:f23c::/47
2001:b28:f23f::/48
2001:c38:500a::/48
2001:1900:22b3:80d::4/128
2001:1900:22b3:80e::4/128
2001:1900:22b3:810::4/128
2001:1900:22b3:81d::4/128
2001:1900:22b3:81e::4/128
2001:1900:22b3:820::4/128
2001:1900:22b3:829::4/128
2001:1900:22b3:832::4/128
2001:1900:22b3:160d::4/128
2001:1900:22b3:1610::4/128
2001:1900:22b3:1612::4/128
2001:1900:22b3:1613::4/128
2001:1900:22b3:180f::4/128
2001:1900:22b3:1810::4/128
2001:1900:22b3:1811::4/128
2001:1900:22b3:1812::4/128
2001:1900:22b3:1813::4/128
2001:1900:22b3:1814::4/128
2001:1900:22b3:1815::4/128
2001:1900:22b3:1816::4/128
2001:1900:22b3:1817::4/128
2001:1900:22b3:1818::4/128
2001:1900:22b3:1819::4/128
2001:1900:22b3:181a::4/128
2001:1900:22b3:181b::4/128
2001:1900:22b3:181c::4/128
2001:1900:22b3:181d::4/128
2001:1900:22b3:2212::4/128
2001:1900:22b3:2213::4/128
2001:1900:22b3:2214::4/128
2001:1900:22b3:2215::4/128
2001:1900:22b3:2216::4/128
2001:1900:22b3:2217::4/128
2001:1900:22b3:2218::4/128
2001:1900:22b3:2219::4/128
2001:1900:22b3:221a::4/128
2001:1900:22b3:221b::4/128
2001:1900:22b3:221c::4/128
2001:1900:22b3:221d::4/128
2001:1900:22b3:221e::4/128
2001:1900:22b3:221f::4/128
2001:1900:22b3:2220::4/128
2001:1900:22b3:2221::4/128
2001:1900:22b3:8c01::4/128
2001:1900:22b3:8c02::4/128
2001:1900:22b3:8c03::4/128
2001:1900:22b3:8c04::4/128
2001:1900:22b3:8c05::4/128
2001:1900:22b3:8c06::4/128
2001:1900:22b3:8c07::4/128
2001:19f0:c000:c8cd:5400:5ff:fe7a:fb7/128
2001:1a30::/48
2001:1a30:c000::/48
2001:3fc6:20::/43
2001:41d0::/32
2001:4450:40::/48
2001:4457:ff0::/48
2001:4546:1003::/48
2001:4860::/32
2400:52e0:1500::714:1/128
2400:52e0:1500::715:1/128
2400:52e0:1500::747:1/128
2400:52e0:1500::749:1/128
2400:52e0:1500::782:1/128
2400:52e0:1500::858:1/128
2400:52e0:1500::867:1/128
2400:52e0:1500::868:1/128
2400:52e0:1500::869:1/128
2400:52e0:1500::944:1/128
2400:52e0:1500::945:1/128
2400:52e0:1500::955:1/128
2400:52e0:1500::977:1/128
2400:52e0:1500::978:1/128
2400:52e0:1500::979:1/128
2400:52e0:1500::980:1/128
2400:52e0:1500::981:1/128
2400:52e0:1500::982:1/128
2400:52e0:1500::988:1/128
2400:52e0:1500::989:1/128
2400:52e0:1500::1020:1/128
2400:52e0:1500::1021:1/128
2400:52e0:1500::1022:1/128
2400:52e0:1500::1024:1/128
2400:52e0:1500::1030:1/128
2400:52e0:1500::1031:1/128
2400:52e0:1500::1091:1/128
2400:52e0:1500::1092:1/128
2400:52e0:1500::1093:1/128
2400:52e0:1500::1094:1/128
2400:52e0:1500::1095:1/128
2400:52e0:1500::1096:1/128
2400:52e0:1500::1173:1/128
2400:52e0:1500::1174:1/128
2400:52e0:1500::1179:1/128
2400:52e0:1500::1180:1/128
2400:52e0:1500::1181:1/128
2400:52e0:1500::1182:1/128
2400:52e0:1500::1272:1/128
2400:52e0:1500::1274:1/128
2400:52e0:1501::990:1/128
2400:52e0:1501::1061:1/128
2400:52e0:1501::1062:1/128
2400:52e0:1501::1063:1/128
2400:52e0:1501::1064:1/128
2400:52e0:1501::1065:1/128
2400:52e0:1501::1066:1/128
2400:52e0:1501::1097:1/128
2400:52e0:1501::1098:1/128
2400:52e0:1501::1143:1/128
2400:52e0:1501::1145:1/128
2400:52e0:1501::1146:1/128
2400:52e0:1501::1147:1/128
2400:52e0:1501::1148:1/128
2400:52e0:1501::1149:1/128
2400:52e0:1501::1150:1/128
2400:52e0:1501::1171:1/128
2400:52e0:1501::1172:1/128
2400:52e0:1501::1184:1/128
2400:52e0:1501::1185:1/128
2400:52e0:1501::1188:1/128
2400:52e0:1501::1189:1/128
2400:52e0:1501::1190:1/128
2400:52e0:1501::1193:1/128
2400:52e0:1501::1194:1/128
2400:52e0:1501::1195:1/128
2400:52e0:1502::1059:1/128
2400:52e0:1690::1156:1/128
2400:52e0:1690::1157:1/128
2400:52e0:1690::1158:1/128
2400:52e0:1690::1159:1/128
2400:52e0:1690::1160:1/128
2400:52e0:1690::1168:1/128
2400:52e0:1690::1341:1/128
2400:52e0:1690::1342:1/128
2400:52e0:1a00::718:1/128
2400:52e0:1a00::845:1/128
2400:52e0:1a00::871:1/128
2400:52e0:1a00::894:1/128
2400:52e0:1a00::940:1/128
2400:52e0:1a00::941:1/128
2400:52e0:1a00::1029:1/128
2400:52e0:1a00::1067:1/128
2400:52e0:1a00::1068:1/128
2400:52e0:1a00::1069:1/128
2400:52e0:1a00::1070:1/128
2400:52e0:1a00::1232:1/128
2400:52e0:1a00::1233:1/128
2400:52e0:1a00::1234:1/128
2400:52e0:1a00::1235:1/128
2400:52e0:1a00::1236:1/128
2400:52e0:1a00::1346:1/128
2400:52e0:1a00::1347:1/128
2400:52e0:1a00::1348:1/128
2400:52e0:1a01::852:1/128
2400:52e0:1a01::899:1/128
2400:52e0:1a01::900:1/128
2400:52e0:1a01::907:1/128
2400:52e0:1a01::912:1/128
2400:52e0:1a01::953:1/128
2400:52e0:1a01::954:1/128
2400:52e0:1a01::984:1/128
2400:52e0:1a01::985:1/128
2400:52e0:1a01::986:1/128
2400:52e0:1a01::987:1/128
2400:52e0:1a01::992:1/128
2400:52e0:1a01::993:1/128
2400:52e0:1a01::994:1/128
2400:52e0:1a01::995:1/128
2400:52e0:1a01::996:1/128
2400:52e0:1a01::997:1/128
2400:52e0:1a01::998:1/128
2400:52e0:1a01::999:1/128
2400:52e0:1a01::1000:1/128
2400:52e0:1a01::1001:1/128
2400:52e0:1a01::1002:1/128
2400:52e0:1a01::1108:1/128
2400:52e0:1a01::1109:1/128
2400:52e0:1a01::1110:1/128
2400:52e0:1a01::1111:1/128
2400:52e0:1a01::1112:1/128
2400:52e0:1a01::1113:1/128
2400:52e0:1a01::1114:1/128
2400:52e0:1a01::1115:1/128
2400:52e0:1a02::876:1/128
2400:52e0:1a02::878:1/128
2400:52e0:1a02::974:1/128
2400:52e0:1a02::975:1/128
2400:52e0:1a02::976:1/128
2400:52e0:1a02::1210:1/128
2400:52e0:1a02::1211:1/128
2400:52e0:1a02::1212:1/128
2400:52e0:1a02::1239:1/128
2400:52e0:1a02::1240:1/128
2400:52e0:1a02::1241:1/128
2400:52e0:1a02::1242:1/128
2400:52e0:1a02::1243:1/128
2400:52e0:1a02:2::1351:1/128
2400:52e0:1a02:2::1352:1/128
2400:52e0:1a02:2::1353:1/128
2400:52e0:1a02:2::1354:1/128
2400:52e0:1a02:2::1355:1/128
2400:52e0:1a02:2::1356:1/128
2400:52e0:1a02:2::1357:1/128
2400:52e0:1a04::1310:1/128
2400:52e0:1a05::1120:1/128
2400:52e0:1a05::1431:1/128
2400:52e0:1a06::1025:1/128
2400:52e0:1e00::/48
2400:52e0:1e01::879:1/128
2400:52e0:1e01::883:1/128
2400:52e0:1e01::1056:1/128
2400:52e0:1e02::946:1/128
2400:52e0:1e02::947:1/128
2400:52e0:1e02::951:1/128
2400:52e0:1e02::1072:1/128
2400:52e0:1e02::1073:1/128
2400:52e0:1e02::1074:1/128
2400:52e0:1e02::1187:1/128
2400:52e0:1e02::1214:1/128
2400:52e0:1e02::1215:1/128
2400:52e0:1e02::1216:1/128
2400:52e0:1e02::1217:1/128
2400:52e0:1e02::1218:1/128
2400:52e0:1e02::1219:1/128
2400:52e0:1e02::1220:1/128
2400:52e0:1e02::1221:1/128
2400:52e0:1e02::1273:1/128
2400:52e0:1e02::1315:1/128
2400:52e0:1e02::1316:1/128
2400:52e0:1e02::1317:1/128
2400:52e0:1e02::1318:1/128
2400:52e0:1e02::1319:1/128
2400:52e0:1e02::1320:1/128
2400:52e0:1e02::1321:1/128
2400:52e0:1e02::1323:1/128
2400:52e0:1e02::1324:1/128
2400:52e0:1e02::1325:1/128
2400:52e0:1e02::1326:1/128
2400:52e0:1e02::1327:1/128
2400:52e0:1e02::1349:1/128
2400:52e0:1e02::1350:1/128
2400:52e0:1e03::886:1/128
2400:52e0:1e03::1205:1/128
2400:52e0:1e03::1312:1/128
2400:52e0:1e04::888:1/128
2400:52e0:1e04::1202:1/128
2400:52e0:1e04::1432:1/128
2400:52e0:1e04::1433:1/128
2400:52e0:1e05::887:1/128
2400:52e0:1e05::1204:1/128
2400:52e0:1e06::895:1/128
2400:52e0:1e07::1161:1/128
2400:52e0:1e08::1046:1/128
2400:52e0:1e09::889:1/128
2400:6180::/48
2400:6180:10::/48
2400:6180:100::/40
2400:6680:f000::/36
2400:7fc0:500::/40
2400:8901::/32
2400:8902::/32
2400:8904::/31
2400:8907::/32
2400:cb00::/32
2401:3bc0:b:21::2/128
2401:c080:1c01:5a:ba3f:d2ff:fe0a:94b0/128
2402:1f00::/32
2403:c780:7203::/48
2404:6800::/32
2404:c2c0:500::/40
2404:c800:8203::/48
2404:f340::/32
2404:f780:0:2::d/128
2404:f780:0:2::f/128
2404:f780:0:2::11/128
2404:f780:0:2::13/128
2404:f780:0:2::15/128
2404:f780:5:cafe::13/128
2405:5700:1:380::1436:1/128
2405:8100::/32
2405:9600::/32
2405:b500::/32
2407:30c0:200::/45
2407:30c0:208::/48
2407:30c0:20a::/47
2407:30c0:20c::/46
2407:30c0:211::/48
2407:30c0:212::/47
2407:30c0:214::/46
2407:30c0:218::/46
2409:8c00:2421:300::/56
2409:8c00:2421:400::/56
2600:1400::/24
2600:1902::/31
2600:2000:2100::/42
2600:2000:2200::/42
2600:2000:2240::/43
2600:2004::/39
2600:2004:1000::/38
2600:2004:2000::/39
2600:2004:2800::/39
2600:2005::/36
2600:2005:2000::/36
2600:2006::/35
2600:2006:4000::/35
2600:200c::/40
2600:200c:1000::/39
2600:200c:2000::/40
2600:200c:2800::/40
2600:200d::/36
2600:200e::/35
2600:3c00::/29
2600:3c08::/30
2600:3c0c::/31
2600:3c0e::/32
2600:3c0f:2::/47
2600:3c0f:4::/48
2600:3c0f:6::/47
2600:3c0f:9::/48
2600:3c0f:10::/47
2600:3c0f:14::/46
2600:3c0f:18::/47
2600:3c0f:20::/45
2600:3c0f:28::/47
2600:3c0f:30::/48
2600:3c0f:32::/48
2600:3c0f:34::/47
2600:3c0f:37::/48
2600:3c0f:38::/48
2600:3c0f:40::/45
2600:3c0f:48::/47
2600:3c0f:50::/46
2600:3c0f:55::/48
2600:3c0f:56::/47
2600:3c12:100::/40
2600:3c12:300::/40
2600:3c12:400::/38
2600:3c12:800::/38
2600:3c12:c00::/39
2600:3c12:e00::/40
2600:3c13::/32
2600:3c14::/30
2600:3c18::/30
2600:3c1c::/32
2600:9000:ddd::/48
2600:9000:eee::/48
2600:9000:fff::/48
2600:9000:1000::/36
2600:9000:2000::/35
2600:9000:4000::/36
2600:9000:5200::/40
2600:9000:5308::/45
2600:9000:5310::/44
2600:9000:5320::/43
2600:9000:5340::/42
2600:9000:5380::/41
2600:9000:f000::/38
2600:9000:f400::/40
2600:9000:f500::/43
2600:9000:f520::/44
2600:9000:f534::/46
2600:9000:f538::/45
2600:9000:f540::/42
2600:9000:f580::/41
2600:9000:f600::/39
2600:9000:f800::/37
2600:f0f0:601::/48
2600:f0f0:602::/47
2600:f0f0:5504::/46
2602:80f:9003::/48
2602:f95b:1::/48
2602:f960:d0::/48
2602:f97a::/48
2602:fc8b:a1::/48
2602:fdaa:10::/48
2602:fdaa:20::/47
2602:fdaa:30::/47
2602:fdaa:40::/47
2602:fdaa:70::/47
2602:fdaa:a0::/48
2602:fdaa:b0::/48
2602:ffe4:c09:106::1154/128
2602:ffe4:c54:277::ff/128
2603:c000::/35
2603:c000:2000::/38
2603:c000:2400::/39
2603:c000:2700::/40
2603:c000:2800::/39
2603:c000:2b00::/40
2603:c000:2c00::/40
2603:c000:2e00::/39
2603:c000:3000::/37
2603:c000:3800::/38
2603:c000:3c00::/39
2603:c001::/34
2603:c001:4000::/37
2603:c001:4800::/38
2603:c001:4e00::/39
2603:c001:5000::/38
2603:c001:5600::/39
2603:c001:5800::/39
2603:c001:5c00::/38
2603:c001:6000::/36
2603:c001:7000::/37
2603:c001:7800::/38
2603:c002::/35
2603:c002:2000::/39
2603:c002:2200::/40
2603:c002:2300::/43
2603:c002:2400::/43
2603:c002:2500::/43
2603:c002:2700::/40
2603:c002:2800::/40
2603:c002:2900::/43
2603:c002:2b00::/40
2603:c002:2c00::/40
2603:c002:2e00::/43
2603:c002:2f00::/40
2603:c002:3000::/43
2603:c002:3100::/43
2603:c002:3200::/39
2603:c002:3400::/43
2603:c002:3500::/40
2603:c002:3600::/39
2603:c002:3800::/38
2603:c002:3c00::/39
2603:c002:8000::/35
2603:c002:a000::/39
2603:c002:a200::/43
2603:c002:a300::/43
2603:c002:a400::/40
2603:c002:a500::/43
2603:c002:a700::/40
2603:c002:a800::/40
2603:c002:a900::/43
2603:c002:ab00::/40
2603:c002:ac00::/40
2603:c002:ae00::/43
2603:c002:af00::/40
2603:c002:b000::/43
2603:c002:b100::/43
2603:c002:b200::/39
2603:c002:b400::/43
2603:c002:b500::/40
2603:c002:b600::/39
2603:c002:b800::/38
2603:c002:bc00::/39
2603:c010::/36
2603:c010:2000::/36
2603:c010:4000::/36
2603:c010:6000::/36
2603:c010:8000::/36
2603:c010:a000::/36
2603:c010:c000::/36
2603:c010:e000::/36
2603:c011::/36
2603:c011:2000::/36
2603:c011:4000::/36
2603:c011:6000::/36
2603:c011:8000::/36
2603:c011:a000::/36
2603:c011:c000::/36
2603:c011:e000::/36
2603:c012::/36
2603:c012:2000::/36
2603:c012:4000::/36
2603:c012:6000::/36
2603:c012:8000::/36
2603:c012:a000::/36
2603:c012:c000::/36
2603:c012:e000::/36
2603:c013::/36
2603:c013:2000::/36
2603:c013:4000::/36
2603:c013:6000::/36
2603:c013:8000::/36
2603:c013:a000::/36
2603:c013:c000::/36
2603:c013:e000::/36
2603:c014::/36
2603:c014:2000::/36
2603:c015:2000::/36
2603:c016:2000::/36
2603:c017:2000::/36
2603:c018:2000::/36
2603:c018:6000::/36
2603:c018:8000::/36
2603:c018:a000::/36
2603:c018:e000::/36
2603:c019::/36
2603:c019:4000::/36
2603:c019:6000::/36
2603:c019:8000::/36
2603:c019:a000::/36
2603:c019:c000::/36
2603:c019:e000::/36
2603:c01a::/36
2603:c01a:2000::/36
2603:c01a:4000::/36
2603:c01a:6000::/36
2603:c01a:8000::/36
2603:c01a:a000::/36
2603:c01a:c000::/36
2603:c01a:e000::/36
2603:c01b::/36
2603:c01b:2000::/36
2603:c020::/35
2603:c020:4000::/35
2603:c020:8000::/35
2603:c020:c000::/35
2603:c021::/35
2603:c021:4000::/35
2603:c021:8000::/35
2603:c021:c000::/35
2603:c022::/35
2603:c022:4000::/35
2603:c022:8000::/35
2603:c022:c000::/35
2603:c023::/35
2603:c023:4000::/35
2603:c023:8000::/35
2603:c023:c000::/35
2603:c024::/35
2603:c024:4000::/35
2603:c024:8000::/35
2603:c024:c000::/35
2603:c025::/35
2603:c025:4000::/35
2603:c025:8000::/35
2603:c025:c000::/35
2603:c026::/35
2603:c026:4000::/35
2603:c026:8000::/35
2603:c026:c000::/35
2603:c027::/35
2603:c027:4000::/35
2603:c027:8000::/35
2603:c027:c000::/35
2603:c028::/35
2603:c028:4000::/35
2603:c028:8000::/35
2603:c029:4000::/35
2603:c029:8000::/35
2603:c02a:8000::/35
2603:c02b::/35
2603:c02b:4000::/35
2603:c02b:8000::/35
2603:c02c::/35
2603:c02c:4000::/35
2603:c02c:c000::/35
2603:c02d::/35
2603:c02d:4000::/35
2603:c02d:8000::/35
2603:c02d:c000::/35
2603:c02e::/35
2603:c02e:4000::/35
2603:c02e:8000::/35
2603:c02e:c000::/35
2603:c02f::/35
2603:c02f:4000::/35
2603:c02f:8000::/35
2603:c02f:c000::/35
2603:c030::/35
2603:c030:4000::/35
2603:c030:8000::/35
2603:c048::/39
2603:c048:1000::/38
2603:c048:2000::/39
2603:c048:2800::/39
2603:c049::/36
2603:c049:2000::/36
2603:c04a::/35
2603:c04a:4000::/35
2603:c054::/39
2603:c054:1000::/38
2603:c054:2000::/39
2603:c054:2800::/39
2603:c055::/36
2603:c055:2000::/36
2603:c056::/35
2603:c056:4000::/35
2603:c058::/39
2603:c058:1000::/38
2603:c058:2000::/39
2603:c058:2800::/39
2603:c059::/36
2603:c059:2000::/36
2603:c05a::/35
2603:c05a:4000::/35
2603:c060::/39
2603:c060:1000::/38
2603:c060:2000::/39
2603:c060:2800::/39
2603:c061::/36
2603:c061:2000::/36
2603:c062::/35
2603:c062:4000::/35
2603:c064:1000::/39
2603:c064:2000::/40
2603:c064:2800::/40
2603:c065::/36
2603:c066::/35
2603:c068::/40
2603:c068:1000::/39
2603:c068:2000::/40
2603:c068:2800::/40
2603:c069::/36
2603:c06a::/35
2603:c06c::/40
2603:c06c:1000::/39
2603:c06c:2000::/40
2603:c06c:2800::/40
2603:c06d::/36
2603:c06e::/35
2603:c080::/39
2603:c080:200::/40
2603:c080:1000::/38
2603:c080:1400::/39
2603:c080:2000::/39
2603:c080:2200::/40
2603:c080:2800::/39
2603:c080:2a00::/40
2603:c081::/36
2603:c081:2000::/36
2603:c081:4000::/36
2603:c082::/35
2603:c082:4000::/35
2603:c082:8000::/35
2603:c088::/39
2603:c088:1000::/38
2603:c088:2000::/39
2603:c088:2800::/39
2603:c089::/36
2603:c089:2000::/36
2603:c08a::/35
2603:c08a:4000::/35
2603:c08c::/39
2603:c08c:1000::/38
2603:c08c:2000::/39
2603:c08c:2800::/39
2603:c08d::/36
2603:c08d:2000::/36
2603:c08e::/35
2603:c08e:4000::/35
2603:c09c::/39
2603:c09c:1000::/38
2603:c09c:2000::/39
2603:c09c:2800::/39
2603:c09d::/36
2603:c09d:2000::/36
2603:c09e::/35
2603:c09e:4000::/35
2603:c0b8::/39
2603:c0b8:1000::/38
2603:c0b8:2000::/39
2603:c0b8:2800::/39
2603:c0b9::/36
2603:c0b9:2000::/36
2603:c0ba::/35
2603:c0ba:4000::/35
2603:c0bc::/39
2603:c0bc:1000::/38
2603:c0bc:2000::/39
2603:c0bc:2800::/39
2603:c0bd::/36
2603:c0bd:2000::/36
2603:c0be::/35
2603:c0be:4000::/35
2603:c0c0::/40
2603:c0c0:1000::/39
2603:c0c0:2000::/40
2603:c0c0:2800::/40
2603:c0c1::/36
2603:c0c2::/35
2603:c0c4::/40
2603:c0c4:1000::/39
2603:c0c4:2000::/40
2603:c0c4:2800::/40
2603:c0c5::/36
2603:c0c6::/35
2603:c0c8::/40
2603:c0c8:1000::/39
2603:c0c8:2000::/40
2603:c0c8:2800::/40
2603:c0c9::/36
2603:c0ca::/35
2603:c0d0::/39
2603:c0d0:1000::/38
2603:c0d0:2000::/39
2603:c0d0:2800::/39
2603:c0d1::/36
2603:c0d1:2000::/36
2603:c0d2::/35
2603:c0d2:4000::/35
2603:c0d4::/39
2603:c0d4:1000::/38
2603:c0d4:2000::/39
2603:c0d4:2800::/39
2603:c0d5::/36
2603:c0d5:2000::/36
2603:c0d6::/35
2603:c0d6:4000::/35
2603:c0d8::/39
2603:c0d8:1000::/38
2603:c0d8:2000::/39
2603:c0d8:2800::/39
2603:c0d9::/36
2603:c0d9:2000::/36
2603:c0da::/35
2603:c0da:4000::/35
2603:c0dc::/39
2603:c0dc:1000::/38
2603:c0dc:2000::/39
2603:c0dc:2800::/39
2603:c0dd::/36
2603:c0dd:2000::/36
2603:c0de::/35
2603:c0de:4000::/35
2603:c0e0::/39
2603:c0e0:1000::/38
2603:c0e0:2000::/39
2603:c0e0:2800::/39
2603:c0e1::/36
2603:c0e1:2000::/36
2603:c0e2::/35
2603:c0e2:4000::/35
2603:c0ec::/40
2603:c0ec:1000::/39
2603:c0ec:2000::/40
2603:c0ec:2800::/40
2603:c0ed::/36
2603:c0ee::/35
2603:c0f0::/39
2603:c0f0:1000::/38
2603:c0f0:2000::/39
2603:c0f0:2800::/39
2603:c0f1::/36
2603:c0f1:2000::/36
2603:c0f2::/35
2603:c0f2:4000::/35
2603:c0f4::/38
2603:c0f4:400::/39
2603:c0f4:1000::/37
2603:c0f4:1800::/38
2603:c0f4:2000::/38
2603:c0f4:2400::/39
2603:c0f4:2800::/38
2603:c0f4:2c00::/39
2603:c0f5::/36
2603:c0f5:2000::/36
2603:c0f5:4000::/36
2603:c0f5:6000::/36
2603:c0f5:8000::/36
2603:c0f5:a000::/36
2603:c0f6::/35
2603:c0f6:4000::/35
2603:c0f6:8000::/35
2603:c0f6:c000::/35
2603:c0f7::/35
2603:c0f7:4000::/35
2603:c0f8::/39
2603:c0f8:200::/40
2603:c0f8:1000::/38
2603:c0f8:1400::/39
2603:c0f8:2000::/39
2603:c0f8:2200::/40
2603:c0f8:2800::/39
2603:c0f8:2a00::/40
2603:c0f9::/36
2603:c0f9:2000::/36
2603:c0f9:4000::/36
2603:c0fa::/35
2603:c0fa:4000::/35
2603:c0fa:8000::/35
2603:c0fc::/39
2603:c0fc:1000::/38
2603:c0fc:2000::/39
2603:c0fc:2800::/39
2603:c0fd::/36
2603:c0fd:2000::/36
2603:c0fe::/35
2603:c0fe:4000::/35
2604:2dc0::/32
2604:a880::/47
2604:a880:2::/48
2604:a880:4::/46
2604:a880:8::/48
2604:a880:51::/48
2604:a880:400::/48
2604:a880:800::/48
2604:a880:cad::/48
2605:ef80::/32
2606:40::/32
2606:1f80:f000::/36
2606:4700::/32
2606:b400:8012::/48
2606:f4c0:b010::/44
2606:f4c0:b020::/43
2606:f4c0:b040::/42
2606:f4c0:b080::/41
2606:f4c0:b100::/40
2606:f4c0:b200::/39
2606:f4c0:b400::/41
2606:f4c0:b490::/44
2606:f4c0:b4a0::/43
2606:f4c0:b4c0::/42
2606:f4c0:b500::/42
2606:f4c0:b540::/43
2606:f4c0:b560::/44
2606:f4c0:b580::/41
2606:f4c0:b600::/40
2606:f4c0:b700::/42
2606:f4c0:b740::/43
2606:f4c0:b780::/43
2606:f4c0:b7a0::/44
2606:f4c0:b800::/43
2606:f4c0:b830::/44
2606:f4c0:b870::/44
2606:f4c0:b890::/44
2606:f4c0:b8c0::/43
2606:f4c0:b960::/44
2606:f4c0:ba50::/44
2606:f4c0:bc60::/43
2606:f4c0:bcc0::/44
2606:f4c0:bce0::/43
2606:f4c0:bd00::/42
2606:f4c0:bd50::/44
2606:f4c0:bd60::/43
2606:f4c0:bd80::/43
2606:f4c0:bda0::/44
2606:f4c0:be30::/44
2606:f4c0:bea0::/44
2606:f4c0:bf90::/44
2606:f4c0:bfa0::/43
2607:5300::/32
2607:ae80::/48
2607:d0c0:cffe::/47
2607:f2d8:4010:5b::1358:1/128
2607:f8b0::/32
2607:fdc0:1:5:3eec:efff:fee1:95b3/128
2620:0:1c00::/40
2620:9:a008::/48
2620:10d:c090::/44
2620:11b:d021::/48
2620:120:e000::/40
2620:123:208b::/48
2620:123:208c::/48
2800:1e0:c01:a003::8/128
2800:1e0:2410:1::9/128
2800:280:4001::/48
2800:3f0::/32
2803:f800::/32
2806:1030:cefe::/48
2806:1070:cefe::/48
2806:1080:cefe::/48
2806:10b0:cefe::/48
2a00:1450::/32
2a01:4f8::/31
2a01:4ff:ff01::/48
2a01:6ee0:30:c::1127:1/128
2a01:7e00::/30
2a01:7e04::/32
2a01:e900:f1::/48
2a02:26f0::/32
2a02:26f6::/48
2a02:26f7::/32
2a02:6ea0:100::/40
2a02:6ea0:300::/40
2a02:6ea0:400::/38
2a02:6ea0:800::/37
2a02:6ea0:6100::/40
2a02:6ea0:6200::/39
2a02:6ea0:6400::/39
2a02:6ea0:6600::/40
2a02:6ea0:babe::/48
2a02:6ea0:c000::/37
2a02:6ea0:c800::/38
2a02:6ea0:cc00::/40
2a02:6ea0:cd00::/48
2a02:6ea0:cd77::/48
2a02:6ea0:ce00::/39
2a02:6ea0:d000::/37
2a02:6ea0:d800::/38
2a02:6ea0:dc00::/39
2a02:6ea0:de00::/40
2a02:6ea0:e000::/39
2a02:6ea0:e200::/40
2a02:6ea0:e600::/39
2a02:6ea0:e800::/40
2a02:6ea0:ea00::/39
2a02:6ea0:ec00::/39
2a02:6ea0:ef00::/40
2a02:6ea0:f000::/39
2a02:6ea0:f200::/40
2a02:6ea0:f400::/38
2a02:6ea0:f800::/38
2a02:6ea0:fc00::/40
2a02:6ea0:fe00::/39
2a03:2880::/32
2a03:2887:ff00::/48
2a03:2887:ff02::/47
2a03:2887:ff04::/46
2a03:2887:ff09::/48
2a03:2887:ff0a::/48
2a03:2887:ff1b::/48
2a03:2887:ff1c::/48
2a03:2887:ff1e::/48
2a03:2887:ff20::/48
2a03:2887:ff22::/47
2a03:2887:ff27::/48
2a03:2887:ff28::/46
2a03:2887:ff2e::/47
2a03:2887:ff30::/48
2a03:2887:ff33::/48
2a03:2887:ff37::/48
2a03:2887:ff38::/46
2a03:2887:ff3f::/48
2a03:2887:ff40::/46
2a03:2887:ff44::/47
2a03:2887:ff48::/46
2a03:2887:ff4d::/48
2a03:2887:ff4e::/47
2a03:2887:ff50::/45
2a03:2887:ff58::/47
2a03:2887:ff5a::/48
2a03:2887:ff5f::/48
2a03:2887:ff60::/48
2a03:2887:ff62::/47
2a03:2887:ff64::/46
2a03:2887:ff68::/46
2a03:2887:ff6f::/48
2a03:2887:ff70::/46
2a03:b0c0::/46
2a03:b0c0:fffc::/48
2a03:b0c0:ffff::/48
2a04:9a00:14c0::/44
2a04:9d40:f000::/36
2a04:ff07:d9:1::1/128
2a04:ff07:d9:3::1/128
2a04:ff07:d9:12::1/128
2a04:ff07:d9:13::1/128
2a04:ff07:d9:1b::1/128
2a04:ff07:d9:39::1/128
2a04:ff07:d9:3a::1/128
2a04:ff07:d9:3b::1/128
2a06:1285:ad55::/48
2a06:9801::/48
2a06:9801:741::/48
2a06:98c0::/29
2a06:b7c2::/32
2a06:be80::/29
2a09:a447:ac1e::/48
2a0a:f280::/32
2a0b:21c0:2000:208f::ff/128
2a0c:9a40:8eaa::/48
2a0d:5600:1a:26::2/128
2a0e:46c4:24a1::/48
2a0e:97c0:aba::/48
2a0e:b107:361::/48
2a0e:b107:362::/48
2a0f:85c1:c18::/48
2a0f:85c1:cc0::/48
2a0f:9400:614d::/48
2a10:f783:23::/48
2a10:fa44::/48
2a10:fa80:2::/48
2a11:e980::/29
2a12:2240::/29
2a12:bec0:230::/44
2a12:bec0:5df::/48
2a14:7580:500::/42
2a14:7580:903::/48
2a14:7581:9811::/48
2c0f:ef78:3::/48
2c0f:ef78:5::/48
2c0f:ef78:9::/48
2c0f:ef78:c::/47
2c0f:ef78:e::/48
2c0f:ef78:10::/47
2c0f:f248::/32
2c0f:fb50::/32
2c0f:fc00:b011::/48
